mkdir: cannot create directory ‘results’: File exists
Working on af_shell3.gra...
mkdir: cannot create directory ‘results/af_shell3.gra’: File exists
Working on apache2.gra...
Working on ASIC_320ks.gra...
Working on atmosmodd.gra...
Working on cage13.gra...
Working on ecology2.gra...
Working on email_enron.gra...
Working on FEM_3D_thermal2.gra...
Working on G3_circuit.gra...
Working on large_twitch.gra...
Working on new...
Working on offshore.gra...
Working on parabolic_fem.gra...
Working on qg.order100.gra...
Working on rgg_n_2_15_s0.gra...
Working on rgg_n_2_16_s0.gra...
Working on rgg_n_2_17_s0.gra...
Working on rgg_n_2_18_s0.gra...
Working on rgg_n_2_19_s0.gra...
Working on rgg_n_2_20_s0.gra...
Working on rgg_n_2_21_s0.gra...
Working on rgg_n_2_22_s0.gra...
Working on rgg_n_2_23_s0.gra...
Working on rgg_n_2_24_s0.gra...
Working on thermal2.gra...
Working on thermomech_dK.gra...
mkdir: cannot create directory ‘results’: File exists
Working on af_shell3.gra...
mkdir: cannot create directory ‘results/af_shell3.gra’: File exists
Working on apache2.gra...
mkdir: cannot create directory ‘results/apache2.gra’: File exists
Working on ASIC_320ks.gra...
mkdir: cannot create directory ‘results/ASIC_320ks.gra’: File exists
Working on atmosmodd.gra...
mkdir: cannot create directory ‘results/atmosmodd.gra’: File exists
Working on cage13.gra...
mkdir: cannot create directory ‘results/cage13.gra’: File exists
Working on ecology2.gra...
mkdir: cannot create directory ‘results/ecology2.gra’: File exists
Working on email_enron.gra...
mkdir: cannot create directory ‘results/email_enron.gra’: File exists
Working on FEM_3D_thermal2.gra...
mkdir: cannot create directory ‘results/FEM_3D_thermal2.gra’: File exists
Working on G3_circuit.gra...
mkdir: cannot create directory ‘results/G3_circuit.gra’: File exists
Working on large_twitch.gra...
mkdir: cannot create directory ‘results/large_twitch.gra’: File exists
Working on new...
mkdir: cannot create directory ‘results/new’: File exists
terminate called after throwing an instance of 'std::bad_array_new_length'
  what():  std::bad_array_new_length
./run_tests.sh: line 5: 2327330 Aborted                 (core dumped) ./build_no_stream/GraphColoring/jp_cuda_double -r 20 $graph > results/$graph_name/double_no_stream.txt
Working on offshore.gra...
mkdir: cannot create directory ‘results/offshore.gra’: File exists
Working on parabolic_fem.gra...
mkdir: cannot create directory ‘results/parabolic_fem.gra’: File exists
Working on qg.order100.gra...
mkdir: cannot create directory ‘results/qg.order100.gra’: File exists
Working on rgg_n_2_15_s0.gra...
mkdir: cannot create directory ‘results/rgg_n_2_15_s0.gra’: File exists
Working on rgg_n_2_16_s0.gra...
mkdir: cannot create directory ‘results/rgg_n_2_16_s0.gra’: File exists
Working on rgg_n_2_17_s0.gra...
mkdir: cannot create directory ‘results/rgg_n_2_17_s0.gra’: File exists
Working on rgg_n_2_18_s0.gra...
mkdir: cannot create directory ‘results/rgg_n_2_18_s0.gra’: File exists
Working on rgg_n_2_19_s0.gra...
mkdir: cannot create directory ‘results/rgg_n_2_19_s0.gra’: File exists
Working on rgg_n_2_20_s0.gra...
mkdir: cannot create directory ‘results/rgg_n_2_20_s0.gra’: File exists
Working on rgg_n_2_21_s0.gra...
mkdir: cannot create directory ‘results/rgg_n_2_21_s0.gra’: File exists
Working on rgg_n_2_22_s0.gra...
mkdir: cannot create directory ‘results/rgg_n_2_22_s0.gra’: File exists
Working on rgg_n_2_23_s0.gra...
mkdir: cannot create directory ‘results/rgg_n_2_23_s0.gra’: File exists
Working on rgg_n_2_24_s0.gra...
mkdir: cannot create directory ‘results/rgg_n_2_24_s0.gra’: File exists
Working on thermal2.gra...
mkdir: cannot create directory ‘results/thermal2.gra’: File exists
Working on thermomech_dK.gra...
mkdir: cannot create directory ‘results/thermomech_dK.gra’: File exists
mkdir: cannot create directory ‘results’: File exists
Working on af_shell3.gra...
mkdir: cannot create directory ‘results/af_shell3.gra’: File exists
Working on apache2.gra...
mkdir: cannot create directory ‘results/apache2.gra’: File exists
Working on ASIC_320ks.gra...
mkdir: cannot create directory ‘results/ASIC_320ks.gra’: File exists
Working on atmosmodd.gra...
mkdir: cannot create directory ‘results/atmosmodd.gra’: File exists
Working on cage13.gra...
mkdir: cannot create directory ‘results/cage13.gra’: File exists
Working on ecology2.gra...
mkdir: cannot create directory ‘results/ecology2.gra’: File exists
Working on email_enron.gra...
mkdir: cannot create directory ‘results/email_enron.gra’: File exists
Working on FEM_3D_thermal2.gra...
mkdir: cannot create directory ‘results/FEM_3D_thermal2.gra’: File exists
Working on G3_circuit.gra...
mkdir: cannot create directory ‘results/G3_circuit.gra’: File exists
Working on large_twitch.gra...
mkdir: cannot create directory ‘results/large_twitch.gra’: File exists
Working on new...
mkdir: cannot create directory ‘results/new’: File exists
Working on offshore.gra...
mkdir: cannot create directory ‘results/offshore.gra’: File exists
Working on parabolic_fem.gra...
mkdir: cannot create directory ‘results/parabolic_fem.gra’: File exists
Working on qg.order100.gra...
mkdir: cannot create directory ‘results/qg.order100.gra’: File exists
Working on rgg_n_2_15_s0.gra...
mkdir: cannot create directory ‘results/rgg_n_2_15_s0.gra’: File exists
Working on rgg_n_2_16_s0.gra...
mkdir: cannot create directory ‘results/rgg_n_2_16_s0.gra’: File exists
Working on rgg_n_2_17_s0.gra...
mkdir: cannot create directory ‘results/rgg_n_2_17_s0.gra’: File exists
Working on rgg_n_2_18_s0.gra...
mkdir: cannot create directory ‘results/rgg_n_2_18_s0.gra’: File exists
Working on rgg_n_2_19_s0.gra...
mkdir: cannot create directory ‘results/rgg_n_2_19_s0.gra’: File exists
Working on rgg_n_2_20_s0.gra...
mkdir: cannot create directory ‘results/rgg_n_2_20_s0.gra’: File exists
Working on rgg_n_2_21_s0.gra...
mkdir: cannot create directory ‘results/rgg_n_2_21_s0.gra’: File exists
Working on rgg_n_2_22_s0.gra...
mkdir: cannot create directory ‘results/rgg_n_2_22_s0.gra’: File exists
Working on rgg_n_2_23_s0.gra...
mkdir: cannot create directory ‘results/rgg_n_2_23_s0.gra’: File exists
Working on rgg_n_2_24_s0.gra...
mkdir: cannot create directory ‘results/rgg_n_2_24_s0.gra’: File exists
Working on thermal2.gra...
mkdir: cannot create directory ‘results/thermal2.gra’: File exists
Working on thermomech_dK.gra...
mkdir: cannot create directory ‘results/thermomech_dK.gra’: File exists
mkdir: cannot create directory ‘results’: File exists
Working on af_shell3.gra...
mkdir: cannot create directory ‘results/af_shell3.gra’: File exists
Working on apache2.gra...
mkdir: cannot create directory ‘results/apache2.gra’: File exists
Working on ASIC_320ks.gra...
mkdir: cannot create directory ‘results/ASIC_320ks.gra’: File exists
Working on atmosmodd.gra...
mkdir: cannot create directory ‘results/atmosmodd.gra’: File exists
Working on cage13.gra...
mkdir: cannot create directory ‘results/cage13.gra’: File exists
Working on ecology2.gra...
mkdir: cannot create directory ‘results/ecology2.gra’: File exists
Working on email_enron.gra...
mkdir: cannot create directory ‘results/email_enron.gra’: File exists
Working on FEM_3D_thermal2.gra...
mkdir: cannot create directory ‘results/FEM_3D_thermal2.gra’: File exists
Working on G3_circuit.gra...
mkdir: cannot create directory ‘results/G3_circuit.gra’: File exists
Working on large_twitch.gra...
mkdir: cannot create directory ‘results/large_twitch.gra’: File exists
Working on new...
mkdir: cannot create directory ‘results/new’: File exists
